<?xml version="1.0" encoding="UTF-8"?>
<testsuite name="Chrome_3702062120_Linux.lol" errors="1" failures="0" tests="1" time="0.002">
<testcase classname="Chrome_3702062120_Linux.lol" name="test test get user by type" time="0.002">
<error type="error">[{"message":"deepEqual is not defined","name":"ReferenceError","stack":"ReferenceError: deepEqual is not defined\n    at Object.&lt;anonymous&gt; (http://localhost:9876/test/test/qunit/main_test.js:18:25)\n    at QUnitTestCase.(anonymous function) [as test test get user by type] (http://localhost:9876/test/JSTDQUA/QUnitAdapter.js:47:37)\n    at jstestdriver.plugins.TestRunnerPlugin.runTest (http://localhost:9876/static/runner.js:5403:33)\n    at TestResultIterator.runTest (http://localhost:9876/test/com/google/jstestdriver/coverage/javascript/LCOV.js:201:28)\n    at TestResultIterator.runNext (http://localhost:9876/test/com/google/jstestdriver/coverage/javascript/LCOV.js:292:10)\n    at InstrumentedTestCaseRunner.run (http://localhost:9876/test/com/google/jstestdriver/coverage/javascript/LCOV.js:250:27)\n    at InstrumentedTestCaseRunnerPlugin.runTestConfiguration (http://localhost:9876/test/com/google/jstestdriver/coverage/javascript/LCOV.js:221:20)\n    at jstestdriver.PluginRegistrar.dispatch_ (http://localhost:9876/static/runner.js:1603:26)\n    at jstestdriver.PluginRegistrar.runTestConfiguration (http://localhost:9876/static/runner.js:1693:8)\n    at jstestdriver.TestRunner.runConfiguration (http://localhost:9876/static/runner.js:2817:25)"}]</error>
</testcase>
</testsuite>
