<?xml version="1.0" encoding="UTF-8"?>
<testsuite name="Firefox_330_Linux.calendrier" errors="0" failures="0" tests="9" time="0.009000001">
<testcase classname="Firefox_330_Linux.calendrier" name="test test construct Lecon" time="0.001"/>
<testcase classname="Firefox_330_Linux.calendrier" name="test test construct LeconConduite" time="0.001"/>
<testcase classname="Firefox_330_Linux.calendrier" name="test test construct LeconCode" time="0.001"/>
<testcase classname="Firefox_330_Linux.calendrier" name="test test construct Creneau" time="0.0"/>
<testcase classname="Firefox_330_Linux.calendrier" name="test test construct Creneau with client dispo &amp; lecon code" time="0.001"/>
<testcase classname="Firefox_330_Linux.calendrier" name="test test construct Creneau with client dispo &amp; lecon conduite" time="0.001"/>
<testcase classname="Firefox_330_Linux.calendrier" name="test test construct Jour" time="0.001"/>
<testcase classname="Firefox_330_Linux.calendrier" name="test test construct Semaine" time="0.003"/>
<testcase classname="Firefox_330_Linux.calendrier" name="test test compteur" time="0.0"/>
</testsuite>
