<?xml version="1.0" encoding="UTF-8"?>
<testsuite name="Chrome_3702062120_Linux.main" errors="1" failures="0" tests="1" time="0.005">
<testcase classname="Chrome_3702062120_Linux.main" name="test test load" time="0.005">
<error type="error">[{"message":"undefined is not a function","name":"TypeError","stack":"TypeError: undefined is not a function\n    at Object.&lt;anonymous&gt; (http://localhost:9876/test/test/qunit/application_test.js:9:28)\n    at QUnitTestCase.(anonymous function) [as test test load] (http://localhost:9876/test/JSTDQUA/QUnitAdapter.js:47:37)\n    at jstestdriver.plugins.TestRunnerPlugin.runTest (http://localhost:9876/static/runner.js:5403:33)\n    at TestResultIterator.runTest (http://localhost:9876/test/com/google/jstestdriver/coverage/javascript/LCOV.js:201:28)\n    at TestResultIterator.runNext (http://localhost:9876/test/com/google/jstestdriver/coverage/javascript/LCOV.js:292:10)\n    at InstrumentedTestCaseRunner.run (http://localhost:9876/test/com/google/jstestdriver/coverage/javascript/LCOV.js:250:27)\n    at InstrumentedTestCaseRunnerPlugin.runTestConfiguration (http://localhost:9876/test/com/google/jstestdriver/coverage/javascript/LCOV.js:221:20)\n    at jstestdriver.PluginRegistrar.dispatch_ (http://localhost:9876/static/runner.js:1603:26)\n    at jstestdriver.PluginRegistrar.runTestConfiguration (http://localhost:9876/static/runner.js:1693:8)\n    at jstestdriver.TestRunner.runConfiguration (http://localhost:9876/static/runner.js:2817:25)"}]</error>
</testcase>
</testsuite>
