<?xml version="1.0" encoding="UTF-8"?><testsuite name="Chrome_3702062120_Linux.utilisateur" errors="0" failures="0" tests="9" time="0.0150000015">
<testcase classname="Chrome_3702062120_Linux.utilisateur" name="test test construct &amp; getters Personne" time="0.004"/>
<testcase classname="Chrome_3702062120_Linux.utilisateur" name="test test construct &amp; getters Moniteur" time="0.002"/>
<testcase classname="Chrome_3702062120_Linux.utilisateur" name="test test construct &amp; getters Client" time="0.002"/>
<testcase classname="Chrome_3702062120_Linux.utilisateur" name="test test construct &amp; getters Secretaire" time="0.001"/>
<testcase classname="Chrome_3702062120_Linux.utilisateur" name="test test compteur" time="0.0"/>
<testcase classname="Chrome_3702062120_Linux.utilisateur" name="test test setters Personne" time="0.001"/>
<testcase classname="Chrome_3702062120_Linux.utilisateur" name="test test setters Moniteur" time="0.002"/>
<testcase classname="Chrome_3702062120_Linux.utilisateur" name="test test setters Client" time="0.002"/>
<testcase classname="Chrome_3702062120_Linux.utilisateur" name="test test construct Secretaire" time="0.001"/>
</testsuite>
